{"app.js":{"path":"app.js","s":{"1":1,"2":1,"3":1,"4":1,"5":1,"6":1,"7":1,"8":1,"9":2,"10":2,"11":2,"12":2,"13":2,"14":1,"15":1,"16":0,"17":1,"18":1,"19":1,"20":1,"21":1,"22":1,"23":1,"24":1,"25":1,"26":1},"b":{},"f":{"1":1,"2":1,"3":2,"4":0},"fnMap":{"1":{"name":"(anonymous_1)","line":6,"loc":{"start":{"line":6,"column":14},"end":{"line":6,"column":26}}},"2":{"name":"(anonymous_2)","line":11,"loc":{"start":{"line":11,"column":14},"end":{"line":11,"column":25}}},"3":{"name":"(anonymous_3)","line":12,"loc":{"start":{"line":12,"column":10},"end":{"line":12,"column":35}}},"4":{"name":"(anonymous_4)","line":22,"loc":{"start":{"line":22,"column":12},"end":{"line":22,"column":29}}}},"statementMap":{"1":{"start":{"line":1,"column":0},"end":{"line":1,"column":33}},"2":{"start":{"line":2,"column":0},"end":{"line":2,"column":44}},"3":{"start":{"line":4,"column":0},"end":{"line":4,"column":20}},"4":{"start":{"line":6,"column":0},"end":{"line":9,"column":3}},"5":{"start":{"line":7,"column":4},"end":{"line":7,"column":35}},"6":{"start":{"line":8,"column":4},"end":{"line":8,"column":34}},"7":{"start":{"line":11,"column":0},"end":{"line":20,"column":3}},"8":{"start":{"line":12,"column":2},"end":{"line":18,"column":5}},"9":{"start":{"line":13,"column":4},"end":{"line":13,"column":57}},"10":{"start":{"line":14,"column":4},"end":{"line":14,"column":66}},"11":{"start":{"line":15,"column":4},"end":{"line":15,"column":70}},"12":{"start":{"line":16,"column":4},"end":{"line":16,"column":113}},"13":{"start":{"line":17,"column":4},"end":{"line":17,"column":11}},"14":{"start":{"line":19,"column":2},"end":{"line":19,"column":34}},"15":{"start":{"line":22,"column":0},"end":{"line":24,"column":3}},"16":{"start":{"line":23,"column":0},"end":{"line":23,"column":27}},"17":{"start":{"line":25,"column":0},"end":{"line":25,"column":37}},"18":{"start":{"line":26,"column":0},"end":{"line":26,"column":37}},"19":{"start":{"line":27,"column":0},"end":{"line":27,"column":53}},"20":{"start":{"line":28,"column":0},"end":{"line":28,"column":53}},"21":{"start":{"line":30,"column":0},"end":{"line":30,"column":61}},"22":{"start":{"line":31,"column":0},"end":{"line":31,"column":45}},"23":{"start":{"line":32,"column":0},"end":{"line":33,"column":30}},"24":{"start":{"line":34,"column":0},"end":{"line":34,"column":20}},"25":{"start":{"line":35,"column":0},"end":{"line":35,"column":17}},"26":{"start":{"line":36,"column":0},"end":{"line":36,"column":41}}},"branchMap":{}},"routes/services.js":{"path":"routes/services.js","s":{"1":1,"2":1,"3":1,"4":1,"5":1,"6":0,"7":1,"8":1,"9":1,"10":1,"11":1,"12":1,"13":1,"14":0,"15":1,"16":1,"17":1,"18":1,"19":1,"20":1,"21":1,"22":1,"23":0,"24":0,"25":0,"26":0,"27":0,"28":0,"29":0,"30":0,"31":0,"32":0,"33":0,"34":0,"35":0,"36":0,"37":0,"38":1,"39":0,"40":0,"41":0,"42":0,"43":0},"b":{"1":[0,1],"2":[0,1],"3":[0,0],"4":[0,0]},"f":{"1":1,"2":1,"3":1,"4":1,"5":1,"6":0,"7":0,"8":0,"9":0,"10":0,"11":0,"12":0,"13":0},"fnMap":{"1":{"name":"(anonymous_1)","line":28,"loc":{"start":{"line":28,"column":16},"end":{"line":28,"column":30}}},"2":{"name":"(anonymous_2)","line":35,"loc":{"start":{"line":35,"column":19},"end":{"line":35,"column":38}}},"3":{"name":"(anonymous_3)","line":42,"loc":{"start":{"line":42,"column":48},"end":{"line":42,"column":66}}},"4":{"name":"(anonymous_4)","line":63,"loc":{"start":{"line":63,"column":21},"end":{"line":63,"column":40}}},"5":{"name":"(anonymous_5)","line":68,"loc":{"start":{"line":68,"column":71},"end":{"line":68,"column":89}}},"6":{"name":"(anonymous_6)","line":76,"loc":{"start":{"line":76,"column":29},"end":{"line":76,"column":48}}},"7":{"name":"(anonymous_7)","line":81,"loc":{"start":{"line":81,"column":65},"end":{"line":81,"column":83}}},"8":{"name":"(anonymous_8)","line":95,"loc":{"start":{"line":95,"column":17},"end":{"line":95,"column":28}}},"9":{"name":"(anonymous_9)","line":104,"loc":{"start":{"line":104,"column":41},"end":{"line":104,"column":56}}},"10":{"name":"(anonymous_10)","line":116,"loc":{"start":{"line":116,"column":16},"end":{"line":116,"column":30}}},"11":{"name":"(anonymous_11)","line":124,"loc":{"start":{"line":124,"column":27},"end":{"line":124,"column":46}}},"12":{"name":"(anonymous_12)","line":135,"loc":{"start":{"line":135,"column":17},"end":{"line":135,"column":28}}},"13":{"name":"(anonymous_13)","line":139,"loc":{"start":{"line":139,"column":16},"end":{"line":139,"column":30}}}},"statementMap":{"1":{"start":{"line":1,"column":2},"end":{"line":1,"column":41}},"2":{"start":{"line":4,"column":2},"end":{"line":10,"column":7}},"3":{"start":{"line":12,"column":2},"end":{"line":26,"column":6}},"4":{"start":{"line":26,"column":6},"end":{"line":35,"column":2}},"5":{"start":{"line":29,"column":7},"end":{"line":31,"column":8}},"6":{"start":{"line":30,"column":9},"end":{"line":31,"column":7}},"7":{"start":{"line":35,"column":2},"end":{"line":63,"column":4}},"8":{"start":{"line":37,"column":4},"end":{"line":37,"column":27}},"9":{"start":{"line":38,"column":4},"end":{"line":38,"column":35}},"10":{"start":{"line":39,"column":4},"end":{"line":39,"column":29}},"11":{"start":{"line":40,"column":4},"end":{"line":40,"column":35}},"12":{"start":{"line":42,"column":4},"end":{"line":60,"column":4}},"13":{"start":{"line":44,"column":9},"end":{"line":58,"column":12}},"14":{"start":{"line":46,"column":10},"end":{"line":46,"column":33}},"15":{"start":{"line":50,"column":10},"end":{"line":57,"column":12}},"16":{"start":{"line":57,"column":12},"end":{"line":57,"column":35}},"17":{"start":{"line":63,"column":4},"end":{"line":76,"column":4}},"18":{"start":{"line":65,"column":6},"end":{"line":65,"column":31}},"19":{"start":{"line":66,"column":6},"end":{"line":66,"column":37}},"20":{"start":{"line":68,"column":9},"end":{"line":73,"column":4}},"21":{"start":{"line":70,"column":10},"end":{"line":70,"column":64}},"22":{"start":{"line":76,"column":4},"end":{"line":124,"column":2}},"23":{"start":{"line":78,"column":6},"end":{"line":78,"column":59}},"24":{"start":{"line":79,"column":6},"end":{"line":79,"column":43}},"25":{"start":{"line":81,"column":7},"end":{"line":122,"column":2}},"26":{"start":{"line":83,"column":9},"end":{"line":120,"column":8}},"27":{"start":{"line":85,"column":10},"end":{"line":85,"column":33}},"28":{"start":{"line":90,"column":7},"end":{"line":118,"column":11}},"29":{"start":{"line":97,"column":10},"end":{"line":104,"column":9}},"30":{"start":{"line":104,"column":9},"end":{"line":112,"column":13}},"31":{"start":{"line":105,"column":10},"end":{"line":109,"column":11}},"32":{"start":{"line":106,"column":13},"end":{"line":106,"column":42}},"33":{"start":{"line":107,"column":13},"end":{"line":107,"column":40}},"34":{"start":{"line":108,"column":12},"end":{"line":108,"column":19}},"35":{"start":{"line":110,"column":11},"end":{"line":110,"column":53}},"36":{"start":{"line":114,"column":9},"end":{"line":114,"column":32}},"37":{"start":{"line":117,"column":7},"end":{"line":117,"column":46}},"38":{"start":{"line":124,"column":2},"end":{"line":145,"column":0}},"39":{"start":{"line":126,"column":6},"end":{"line":126,"column":35}},"40":{"start":{"line":127,"column":6},"end":{"line":127,"column":41}},"41":{"start":{"line":130,"column":7},"end":{"line":142,"column":11}},"42":{"start":{"line":137,"column":9},"end":{"line":137,"column":23}},"43":{"start":{"line":141,"column":9},"end":{"line":141,"column":23}}},"branchMap":{"1":{"line":29,"type":"if","locations":[{"start":{"line":29,"column":7},"end":{"line":29,"column":7}},{"start":{"line":29,"column":7},"end":{"line":29,"column":7}}]},"2":{"line":44,"type":"if","locations":[{"start":{"line":44,"column":9},"end":{"line":44,"column":9}},{"start":{"line":44,"column":9},"end":{"line":44,"column":9}}]},"3":{"line":83,"type":"if","locations":[{"start":{"line":83,"column":9},"end":{"line":83,"column":9}},{"start":{"line":83,"column":9},"end":{"line":83,"column":9}}]},"4":{"line":105,"type":"if","locations":[{"start":{"line":105,"column":10},"end":{"line":105,"column":10}},{"start":{"line":105,"column":10},"end":{"line":105,"column":10}}]}}}}