TN:
SF:app.js
FN:6,(anonymous_1)
FN:11,(anonymous_2)
FN:12,(anonymous_3)
FN:22,(anonymous_4)
FNF:4
FNH:3
FNDA:1,(anonymous_1)
FNDA:1,(anonymous_2)
FNDA:2,(anonymous_3)
FNDA:0,(anonymous_4)
DA:1,1
DA:2,1
DA:4,1
DA:6,1
DA:7,1
DA:8,1
DA:11,1
DA:12,1
DA:13,2
DA:14,2
DA:15,2
DA:16,2
DA:17,2
DA:19,1
DA:22,1
DA:23,0
DA:25,1
DA:26,1
DA:27,1
DA:28,1
DA:30,1
DA:31,1
DA:32,1
DA:34,1
DA:35,1
DA:36,1
LF:26
LH:25
BRF:0
BRH:0
end_of_record
TN:
SF:routes/services.js
FN:28,(anonymous_1)
FN:35,(anonymous_2)
FN:42,(anonymous_3)
FN:63,(anonymous_4)
FN:68,(anonymous_5)
FN:76,(anonymous_6)
FN:81,(anonymous_7)
FN:95,(anonymous_8)
FN:104,(anonymous_9)
FN:116,(anonymous_10)
FN:124,(anonymous_11)
FN:135,(anonymous_12)
FN:139,(anonymous_13)
FNF:13
FNH:5
FNDA:1,(anonymous_1)
FNDA:1,(anonymous_2)
FNDA:1,(anonymous_3)
FNDA:1,(anonymous_4)
FNDA:1,(anonymous_5)
FNDA:0,(anonymous_6)
FNDA:0,(anonymous_7)
FNDA:0,(anonymous_8)
FNDA:0,(anonymous_9)
FNDA:0,(anonymous_10)
FNDA:0,(anonymous_11)
FNDA:0,(anonymous_12)
FNDA:0,(anonymous_13)
DA:1,1
DA:4,1
DA:12,1
DA:26,1
DA:29,1
DA:30,0
DA:35,1
DA:37,1
DA:38,1
DA:39,1
DA:40,1
DA:42,1
DA:44,1
DA:46,0
DA:50,1
DA:57,1
DA:63,1
DA:65,1
DA:66,1
DA:68,1
DA:70,1
DA:76,1
DA:78,0
DA:79,0
DA:81,0
DA:83,0
DA:85,0
DA:90,0
DA:97,0
DA:104,0
DA:105,0
DA:106,0
DA:107,0
DA:108,0
DA:110,0
DA:114,0
DA:117,0
DA:124,1
DA:126,0
DA:127,0
DA:130,0
DA:137,0
DA:141,0
LF:43
LH:21
BRDA:29,1,0,0
BRDA:29,1,1,1
BRDA:44,2,0,0
BRDA:44,2,1,1
BRDA:83,3,0,0
BRDA:83,3,1,0
BRDA:105,4,0,0
BRDA:105,4,1,0
BRF:8
BRH:2
end_of_record
